This file contains any messages produced by compilers while
running configure, to aid debugging if configure makes a mistake.

It was created by configure, which was
generated by GNU Autoconf 2.57.  Invocation command line was

  $ ./configure --host=arm-linux

## --------- ##
## Platform. ##
## --------- ##

hostname = K06264
uname -m = i686
uname -r = 2.6.16.21-0.25-bigsmp
uname -s = Linux
uname -v = #1 SMP Tue Sep 19 07:26:15 UTC 2006

/usr/bin/uname -p = unknown
/bin/uname -X     = unknown

/bin/arch              = i686
/usr/bin/arch -k       = unknown
/usr/convex/getsysinfo = unknown
hostinfo               = unknown
/bin/machine           = unknown
/usr/bin/oslevel       = unknown
/bin/universe          = unknown

PATH: /usr/local/arm/3.4.3/bin
PATH: /usr/local/arm/3.2.1-elf/bin
PATH: /home/cirrus/src/redboot/ecos-2.0/tools/bin
PATH: /usr/local/arm/3.4.3/bin
PATH: /usr/local/arm/3.2.1-elf/bin
PATH: /home/cirrus/src/redboot/ecos-2.0/tools/bin
PATH: /usr/local/bin
PATH: /usr/bin
PATH: /sbin
PATH: /usr/X11R6/bin
PATH: /usr/sbin
PATH: /bin
PATH: /usr/games
PATH: /opt/gnome/bin
PATH: /opt/kde3/bin
PATH: /usr/lib/mit/bin
PATH: /usr/lib/mit/sbin
PATH: /usr/lib/qt3/bin


## ----------- ##
## Core tests. ##
## ----------- ##

configure:1514: checking for a BSD-compatible install
configure:1568: result: /usr/bin/install -c
configure:1579: checking whether build environment is sane
configure:1622: result: yes
configure:1655: checking for gawk
configure:1671: found /usr/bin/gawk
configure:1681: result: gawk
configure:1691: checking whether make sets $(MAKE)
configure:1711: result: yes
configure:1790: checking for arm-linux-strip
configure:1806: found /usr/local/arm/3.4.3/bin/arm-linux-strip
configure:1816: result: arm-linux-strip
configure:1877: checking whether make sets $(MAKE)
configure:1897: result: yes
configure:1919: checking for arm-linux-gcc
configure:1935: found /usr/local/arm/3.4.3/bin/arm-linux-gcc
configure:1945: result: arm-linux-gcc
configure:2227: checking for C compiler version
configure:2230: arm-linux-gcc --version </dev/null >&5
arm-linux-gcc (GCC) 3.4.3
Copyright (C) 2004 Free Software Foundation, Inc.
This is free software; see the source for copying conditions.  There is NO
warranty; not even for MERCHANTABILITY or FITNESS FOR A PARTICULAR PURPOSE.

configure:2233: $? = 0
configure:2235: arm-linux-gcc -v </dev/null >&5
Reading specs from /usr/local/arm/3.4.3/lib/gcc/arm-linux-uclibc/3.4.3/specs
Configured with: /home/arm/build/cetus/cetus/dev/buildroot/toolchain_build_arm_nofpu/gcc-3.4.3/configure --prefix=/usr/local/arm/3.4.3 --build=i386-pc-linux-gnu --host=i386-pc-linux-gnu --target=arm-linux-uclibc --enable-languages=c,c++ --enable-shared --disable-__cxa_atexit --enable-target-optspace --with-gnu-ld --disable-nls --enable-multilib --with-float=soft
Thread model: posix
gcc version 3.4.3
configure:2238: $? = 0
configure:2240: arm-linux-gcc -V </dev/null >&5
arm-linux-gcc: `-V' option must have argument
configure:2243: $? = 1
configure:2267: checking for C compiler default output
configure:2270: arm-linux-gcc    conftest.c  >&5
configure:2273: $? = 0
configure:2319: result: a.out
configure:2324: checking whether the C compiler works
configure:2330: ./a.out
./configure: line 2331: ./a.out: cannot execute binary file
configure:2333: $? = 126
configure:2350: result: yes
configure:2357: checking whether we are cross compiling
configure:2359: result: yes
configure:2362: checking for suffix of executables
configure:2364: arm-linux-gcc -o conftest    conftest.c  >&5
configure:2367: $? = 0
configure:2392: result: 
configure:2398: checking for suffix of object files
configure:2420: arm-linux-gcc -c   conftest.c >&5
configure:2423: $? = 0
configure:2445: result: o
configure:2449: checking whether we are using the GNU C compiler
configure:2474: arm-linux-gcc -c   conftest.c >&5
configure:2477: $? = 0
configure:2480: test -s conftest.o
configure:2483: $? = 0
configure:2496: result: yes
configure:2502: checking whether arm-linux-gcc accepts -g
configure:2524: arm-linux-gcc -c -g  conftest.c >&5
configure:2527: $? = 0
configure:2530: test -s conftest.o
configure:2533: $? = 0
configure:2544: result: yes
configure:2561: checking for arm-linux-gcc option to accept ANSI C
configure:2622: arm-linux-gcc  -c -g -O2  conftest.c >&5
configure:2625: $? = 0
configure:2628: test -s conftest.o
configure:2631: $? = 0
configure:2649: result: none needed
configure:2667: arm-linux-gcc -c -g -O2  conftest.c >&5
conftest.c:2: error: parse error before "me"
configure:2670: $? = 1
configure: failed program was:
| #ifndef __cplusplus
|   choke me
| #endif
configure:2790: checking for style of include used by make
configure:2818: result: GNU
configure:2846: checking dependency style of arm-linux-gcc
configure:2914: result: none
configure:2936: checking how to run the C preprocessor
configure:2972: arm-linux-gcc -E  conftest.c
configure:2978: $? = 0
configure:3010: arm-linux-gcc -E  conftest.c
configure:3011:28: ac_nonexistent.h: No such file or directory
configure:3016: $? = 1
configure: failed program was:
| #line 3001 "configure"
| /* confdefs.h.  */
| 
| #define PACKAGE_NAME ""
| #define PACKAGE_TARNAME ""
| #define PACKAGE_VERSION ""
| #define PACKAGE_STRING ""
| #define PACKAGE_BUGREPORT ""
| #define PACKAGE "libiconv"
| #define VERSION "1.9"
| /* end confdefs.h.  */
| #include <ac_nonexistent.h>
configure:3054: result: arm-linux-gcc -E
configure:3079: arm-linux-gcc -E  conftest.c
configure:3085: $? = 0
configure:3117: arm-linux-gcc -E  conftest.c
configure:3118:28: ac_nonexistent.h: No such file or directory
configure:3123: $? = 1
configure: failed program was:
| #line 3108 "configure"
| /* confdefs.h.  */
| 
| #define PACKAGE_NAME ""
| #define PACKAGE_TARNAME ""
| #define PACKAGE_VERSION ""
| #define PACKAGE_STRING ""
| #define PACKAGE_BUGREPORT ""
| #define PACKAGE "libiconv"
| #define VERSION "1.9"
| /* end confdefs.h.  */
| #include <ac_nonexistent.h>
configure:3167: checking for egrep
configure:3177: result: grep -E
configure:3183: checking whether arm-linux-gcc needs -traditional
configure:3227: result: no
configure:3246: checking for a BSD-compatible install
configure:3300: result: /usr/bin/install -c
configure:3319: checking build system type
configure:3337: result: i686-pc-linux-gnu
configure:3345: checking host system type
configure:3359: result: arm-unknown-linux-gnu
configure:3393: checking for ld used by GCC
configure:3457: result: /usr/local/arm/3.4.3/arm-linux-uclibc/bin/ld
configure:3466: checking if the linker (/usr/local/arm/3.4.3/arm-linux-uclibc/bin/ld) is GNU ld
configure:3479: result: yes
configure:3485: checking for shared library path variable
configure:3498: result: LD_LIBRARY_PATH
configure:3503: checking whether to activate relocatable installation
configure:3518: result: no
configure:3599: checking for arm-linux-ranlib
configure:3615: found /usr/local/arm/3.4.3/bin/arm-linux-ranlib
configure:3625: result: arm-linux-ranlib
configure:3676: checking how to copy files
configure:3692: result: cp -p
configure:3696: checking how to make hard links
configure:3712: result: ln
configure:3716: checking whether ln -s works
configure:3720: result: yes
configure:3736: checking for AIX
configure:3759: result: no
configure:3765: checking for ANSI C header files
configure:3791: arm-linux-gcc -c -g -O2  conftest.c >&5
configure:3794: $? = 0
configure:3797: test -s conftest.o
configure:3800: $? = 0
configure:3915: result: yes
configure:3939: checking for sys/types.h
configure:3956: arm-linux-gcc -c -g -O2  conftest.c >&5
configure:3959: $? = 0
configure:3962: test -s conftest.o
configure:3965: $? = 0
configure:3976: result: yes
configure:3939: checking for sys/stat.h
configure:3956: arm-linux-gcc -c -g -O2  conftest.c >&5
configure:3959: $? = 0
configure:3962: test -s conftest.o
configure:3965: $? = 0
configure:3976: result: yes
configure:3939: checking for stdlib.h
configure:3956: arm-linux-gcc -c -g -O2  conftest.c >&5
configure:3959: $? = 0
configure:3962: test -s conftest.o
configure:3965: $? = 0
configure:3976: result: yes
configure:3939: checking for string.h
configure:3956: arm-linux-gcc -c -g -O2  conftest.c >&5
configure:3959: $? = 0
configure:3962: test -s conftest.o
configure:3965: $? = 0
configure:3976: result: yes
configure:3939: checking for memory.h
configure:3956: arm-linux-gcc -c -g -O2  conftest.c >&5
configure:3959: $? = 0
configure:3962: test -s conftest.o
configure:3965: $? = 0
configure:3976: result: yes
configure:3939: checking for strings.h
configure:3956: arm-linux-gcc -c -g -O2  conftest.c >&5
configure:3959: $? = 0
configure:3962: test -s conftest.o
configure:3965: $? = 0
configure:3976: result: yes
configure:3939: checking for inttypes.h
configure:3956: arm-linux-gcc -c -g -O2  conftest.c >&5
configure:3959: $? = 0
configure:3962: test -s conftest.o
configure:3965: $? = 0
configure:3976: result: yes
configure:3939: checking for stdint.h
configure:3956: arm-linux-gcc -c -g -O2  conftest.c >&5
configure:3959: $? = 0
configure:3962: test -s conftest.o
configure:3965: $? = 0
configure:3976: result: yes
configure:3939: checking for unistd.h
configure:3956: arm-linux-gcc -c -g -O2  conftest.c >&5
configure:3959: $? = 0
configure:3962: test -s conftest.o
configure:3965: $? = 0
configure:3976: result: yes
configure:3998: checking minix/config.h usability
configure:4011: arm-linux-gcc -c -g -O2  conftest.c >&5
configure:4056:26: minix/config.h: No such file or directory
configure:4014: $? = 1
configure: failed program was:
| #line 4000 "configure"
| /* confdefs.h.  */
| 
| #define PACKAGE_NAME ""
| #define PACKAGE_TARNAME ""
| #define PACKAGE_VERSION ""
| #define PACKAGE_STRING ""
| #define PACKAGE_BUGREPORT ""
| #define PACKAGE "libiconv"
| #define VERSION "1.9"
| #define INSTALLPREFIX "/usr/local"
| #define _GNU_SOURCE 1
| #define STDC_HEADERS 1
| #define HAVE_SYS_TYPES_H 1
| #define HAVE_SYS_STAT_H 1
| #define HAVE_STDLIB_H 1
| #define HAVE_STRING_H 1
| #define HAVE_MEMORY_H 1
| #define HAVE_STRINGS_H 1
| #define HAVE_INTTYPES_H 1
| #define HAVE_STDINT_H 1
| #define HAVE_UNISTD_H 1
| /* end confdefs.h.  */
| #include <stdio.h>
| #if HAVE_SYS_TYPES_H
| # include <sys/types.h>
| #endif
| #if HAVE_SYS_STAT_H
| # include <sys/stat.h>
| #endif
| #if STDC_HEADERS
| # include <stdlib.h>
| # include <stddef.h>
| #else
| # if HAVE_STDLIB_H
| #  include <stdlib.h>
| # endif
| #endif
| #if HAVE_STRING_H
| # if !STDC_HEADERS && HAVE_MEMORY_H
| #  include <memory.h>
| # endif
| # include <string.h>
| #endif
| #if HAVE_STRINGS_H
| # include <strings.h>
| #endif
| #if HAVE_INTTYPES_H
| # include <inttypes.h>
| #else
| # if HAVE_STDINT_H
| #  include <stdint.h>
| # endif
| #endif
| #if HAVE_UNISTD_H
| # include <unistd.h>
| #endif
| #include <minix/config.h>
configure:4030: result: no
configure:4034: checking minix/config.h presence
configure:4045: arm-linux-gcc -E  conftest.c
configure:4058:26: minix/config.h: No such file or directory
configure:4051: $? = 1
configure: failed program was:
| #line 4036 "configure"
| /* confdefs.h.  */
| 
| #define PACKAGE_NAME ""
| #define PACKAGE_TARNAME ""
| #define PACKAGE_VERSION ""
| #define PACKAGE_STRING ""
| #define PACKAGE_BUGREPORT ""
| #define PACKAGE "libiconv"
| #define VERSION "1.9"
| #define INSTALLPREFIX "/usr/local"
| #define _GNU_SOURCE 1
| #define STDC_HEADERS 1
| #define HAVE_SYS_TYPES_H 1
| #define HAVE_SYS_STAT_H 1
| #define HAVE_STDLIB_H 1
| #define HAVE_STRING_H 1
| #define HAVE_MEMORY_H 1
| #define HAVE_STRINGS_H 1
| #define HAVE_INTTYPES_H 1
| #define HAVE_STDINT_H 1
| #define HAVE_UNISTD_H 1
| /* end confdefs.h.  */
| #include <minix/config.h>
configure:4070: result: no
configure:4106: checking for minix/config.h
configure:4113: result: no
configure:4143: checking for strerror in -lcposix
configure:4174: arm-linux-gcc -o conftest -g -O2   conftest.c -lcposix   >&5
/usr/local/arm/3.4.3/lib/gcc/arm-linux-uclibc/3.4.3/../../../../arm-linux-uclibc/bin/ld: cannot find -lcposix
collect2: ld returned 1 exit status
configure:4177: $? = 1
configure: failed program was:
| #line 4150 "configure"
| /* confdefs.h.  */
| 
| #define PACKAGE_NAME ""
| #define PACKAGE_TARNAME ""
| #define PACKAGE_VERSION ""
| #define PACKAGE_STRING ""
| #define PACKAGE_BUGREPORT ""
| #define PACKAGE "libiconv"
| #define VERSION "1.9"
| #define INSTALLPREFIX "/usr/local"
| #define _GNU_SOURCE 1
| #define STDC_HEADERS 1
| #define HAVE_SYS_TYPES_H 1
| #define HAVE_SYS_STAT_H 1
| #define HAVE_STDLIB_H 1
| #define HAVE_STRING_H 1
| #define HAVE_MEMORY_H 1
| #define HAVE_STRINGS_H 1
| #define HAVE_INTTYPES_H 1
| #define HAVE_STDINT_H 1
| #define HAVE_UNISTD_H 1
| /* end confdefs.h.  */
| 
| /* Override any gcc2 internal prototype to avoid an error.  */
| #ifdef __cplusplus
| extern "C"
| #endif
| /* We use char because int might match the return type of a gcc2
|    builtin and then its argument prototype would still apply.  */
| char strerror ();
| int
| main ()
| {
| strerror ();
|   ;
|   return 0;
| }
configure:4195: result: no
configure:4284: checking for a sed that does not truncate output
configure:4338: result: /usr/bin/sed
configure:4352: checking for ld used by arm-linux-gcc
configure:4419: result: /usr/local/arm/3.4.3/arm-linux-uclibc/bin/ld
configure:4428: checking if the linker (/usr/local/arm/3.4.3/arm-linux-uclibc/bin/ld) is GNU ld
configure:4443: result: yes
configure:4448: checking for /usr/local/arm/3.4.3/arm-linux-uclibc/bin/ld option to reload object files
configure:4455: result: -r
configure:4464: checking for BSD-compatible nm
configure:4506: result: /usr/local/arm/3.4.3/bin/arm-linux-nm -B
configure:4510: checking how to recognise dependent libraries
configure:4710: result: file_magic ELF [0-9][0-9]*-bit [LM]SB (shared object|dynamic lib )
configure:5162: checking dlfcn.h usability
configure:5175: arm-linux-gcc -c -g -O2  conftest.c >&5
configure:5178: $? = 0
configure:5181: test -s conftest.o
configure:5184: $? = 0
configure:5194: result: yes
configure:5198: checking dlfcn.h presence
configure:5209: arm-linux-gcc -E  conftest.c
configure:5215: $? = 0
configure:5234: result: yes
configure:5270: checking for dlfcn.h
configure:5277: result: yes
configure:5300: checking for arm-linux-g++
configure:5316: found /usr/local/arm/3.4.3/bin/arm-linux-g++
configure:5326: result: arm-linux-g++
configure:5384: checking for C++ compiler version
configure:5387: arm-linux-g++ --version </dev/null >&5
arm-linux-g++ (GCC) 3.4.3
Copyright (C) 2004 Free Software Foundation, Inc.
This is free software; see the source for copying conditions.  There is NO
warranty; not even for MERCHANTABILITY or FITNESS FOR A PARTICULAR PURPOSE.

configure:5390: $? = 0
configure:5392: arm-linux-g++ -v </dev/null >&5
Reading specs from /usr/local/arm/3.4.3/lib/gcc/arm-linux-uclibc/3.4.3/specs
Configured with: /home/arm/build/cetus/cetus/dev/buildroot/toolchain_build_arm_nofpu/gcc-3.4.3/configure --prefix=/usr/local/arm/3.4.3 --build=i386-pc-linux-gnu --host=i386-pc-linux-gnu --target=arm-linux-uclibc --enable-languages=c,c++ --enable-shared --disable-__cxa_atexit --enable-target-optspace --with-gnu-ld --disable-nls --enable-multilib --with-float=soft
Thread model: posix
gcc version 3.4.3
configure:5395: $? = 0
configure:5397: arm-linux-g++ -V </dev/null >&5
arm-linux-g++: `-V' option must have argument
configure:5400: $? = 1
configure:5403: checking whether we are using the GNU C++ compiler
configure:5428: arm-linux-g++ -c   conftest.cc >&5
configure:5431: $? = 0
configure:5434: test -s conftest.o
configure:5437: $? = 0
configure:5450: result: yes
configure:5456: checking whether arm-linux-g++ accepts -g
configure:5478: arm-linux-g++ -c -g  conftest.cc >&5
configure:5481: $? = 0
configure:5484: test -s conftest.o
configure:5487: $? = 0
configure:5498: result: yes
configure:5542: arm-linux-g++ -c -g -O2  conftest.cc >&5
configure:5545: $? = 0
configure:5548: test -s conftest.o
configure:5551: $? = 0
configure:5578: arm-linux-g++ -c -g -O2  conftest.cc >&5
configure: In function `int main()':
configure:5588: error: `exit' undeclared (first use this function)
configure:5588: error: (Each undeclared identifier is reported only once for each function it appears in.)
configure:5581: $? = 1
configure: failed program was:
| #line 5561 "configure"
| /* confdefs.h.  */
| 
| #define PACKAGE_NAME ""
| #define PACKAGE_TARNAME ""
| #define PACKAGE_VERSION ""
| #define PACKAGE_STRING ""
| #define PACKAGE_BUGREPORT ""
| #define PACKAGE "libiconv"
| #define VERSION "1.9"
| #define INSTALLPREFIX "/usr/local"
| #define _GNU_SOURCE 1
| #define STDC_HEADERS 1
| #define HAVE_SYS_TYPES_H 1
| #define HAVE_SYS_STAT_H 1
| #define HAVE_STDLIB_H 1
| #define HAVE_STRING_H 1
| #define HAVE_MEMORY_H 1
| #define HAVE_STRINGS_H 1
| #define HAVE_INTTYPES_H 1
| #define HAVE_STDINT_H 1
| #define HAVE_UNISTD_H 1
| #define HAVE_DLFCN_H 1
| /* end confdefs.h.  */
| 
| int
| main ()
| {
| exit (42);
|   ;
|   return 0;
| }
configure:5542: arm-linux-g++ -c -g -O2  conftest.cc >&5
configure:5545: $? = 0
configure:5548: test -s conftest.o
configure:5551: $? = 0
configure:5578: arm-linux-g++ -c -g -O2  conftest.cc >&5
configure:5581: $? = 0
configure:5584: test -s conftest.o
configure:5587: $? = 0
configure:5612: checking dependency style of arm-linux-g++
configure:5680: result: none
configure:5702: checking how to run the C++ preprocessor
configure:5734: arm-linux-g++ -E  conftest.cc
configure:5740: $? = 0
configure:5772: arm-linux-g++ -E  conftest.cc
configure:5789:28: ac_nonexistent.h: No such file or directory
configure:5778: $? = 1
configure: failed program was:
| #line 5763 "configure"
| /* confdefs.h.  */
| 
| #define PACKAGE_NAME ""
| #define PACKAGE_TARNAME ""
| #define PACKAGE_VERSION ""
| #define PACKAGE_STRING ""
| #define PACKAGE_BUGREPORT ""
| #define PACKAGE "libiconv"
| #define VERSION "1.9"
| #define INSTALLPREFIX "/usr/local"
| #define _GNU_SOURCE 1
| #define STDC_HEADERS 1
| #define HAVE_SYS_TYPES_H 1
| #define HAVE_SYS_STAT_H 1
| #define HAVE_STDLIB_H 1
| #define HAVE_STRING_H 1
| #define HAVE_MEMORY_H 1
| #define HAVE_STRINGS_H 1
| #define HAVE_INTTYPES_H 1
| #define HAVE_STDINT_H 1
| #define HAVE_UNISTD_H 1
| #define HAVE_DLFCN_H 1
| #ifdef __cplusplus
| #include <stdlib.h>
| #endif
| /* end confdefs.h.  */
| #include <ac_nonexistent.h>
configure:5816: result: arm-linux-g++ -E
configure:5841: arm-linux-g++ -E  conftest.cc
configure:5847: $? = 0
configure:5879: arm-linux-g++ -E  conftest.cc
configure:5896:28: ac_nonexistent.h: No such file or directory
configure:5885: $? = 1
configure: failed program was:
| #line 5870 "configure"
| /* confdefs.h.  */
| 
| #define PACKAGE_NAME ""
| #define PACKAGE_TARNAME ""
| #define PACKAGE_VERSION ""
| #define PACKAGE_STRING ""
| #define PACKAGE_BUGREPORT ""
| #define PACKAGE "libiconv"
| #define VERSION "1.9"
| #define INSTALLPREFIX "/usr/local"
| #define _GNU_SOURCE 1
| #define STDC_HEADERS 1
| #define HAVE_SYS_TYPES_H 1
| #define HAVE_SYS_STAT_H 1
| #define HAVE_STDLIB_H 1
| #define HAVE_STRING_H 1
| #define HAVE_MEMORY_H 1
| #define HAVE_STRINGS_H 1
| #define HAVE_INTTYPES_H 1
| #define HAVE_STDINT_H 1
| #define HAVE_UNISTD_H 1
| #define HAVE_DLFCN_H 1
| #ifdef __cplusplus
| #include <stdlib.h>
| #endif
| /* end confdefs.h.  */
| #include <ac_nonexistent.h>
configure:5937: checking for arm-linux-g77
configure:5966: result: no
configure:5937: checking for arm-linux-f77
configure:5966: result: no
configure:5937: checking for arm-linux-xlf
configure:5966: result: no
configure:5937: checking for arm-linux-frt
configure:5966: result: no
configure:5937: checking for arm-linux-pgf77
configure:5966: result: no
configure:5937: checking for arm-linux-fl32
configure:5966: result: no
configure:5937: checking for arm-linux-af77
configure:5966: result: no
configure:5937: checking for arm-linux-fort77
configure:5966: result: no
configure:5937: checking for arm-linux-f90
configure:5966: result: no
configure:5937: checking for arm-linux-xlf90
configure:5966: result: no
configure:5937: checking for arm-linux-pgf90
configure:5966: result: no
configure:5937: checking for arm-linux-epcf90
configure:5966: result: no
configure:5937: checking for arm-linux-f95
configure:5966: result: no
configure:5937: checking for arm-linux-fort
configure:5966: result: no
configure:5937: checking for arm-linux-xlf95
configure:5966: result: no
configure:5937: checking for arm-linux-lf95
configure:5966: result: no
configure:5937: checking for arm-linux-g95
configure:5966: result: no
configure:5979: checking for g77
configure:6008: result: no
configure:5979: checking for f77
configure:6008: result: no
configure:5979: checking for xlf
configure:6008: result: no
configure:5979: checking for frt
configure:6008: result: no
configure:5979: checking for pgf77
configure:6008: result: no
configure:5979: checking for fl32
configure:6008: result: no
configure:5979: checking for af77
configure:6008: result: no
configure:5979: checking for fort77
configure:6008: result: no
configure:5979: checking for f90
configure:6008: result: no
configure:5979: checking for xlf90
configure:6008: result: no
configure:5979: checking for pgf90
configure:6008: result: no
configure:5979: checking for epcf90
configure:6008: result: no
configure:5979: checking for f95
configure:6008: result: no
configure:5979: checking for fort
configure:6008: result: no
configure:5979: checking for xlf95
configure:6008: result: no
configure:5979: checking for lf95
configure:6008: result: no
configure:5979: checking for g95
configure:6008: result: no
configure:6020: checking for Fortran 77 compiler version
configure:6023:  --version </dev/null >&5
./configure: line 6024: --version: command not found
configure:6026: $? = 127
configure:6028:  -v </dev/null >&5
./configure: line 6029: -v: command not found
configure:6031: $? = 127
configure:6033:  -V </dev/null >&5
./configure: line 6034: -V: command not found
configure:6036: $? = 127
configure:6043: checking whether we are using the GNU Fortran 77 compiler
configure:6057:  -c  conftest.F >&5
./configure: line 6058: -c: command not found
configure:6060: $? = 127
configure: failed program was:
|       program main
| #ifndef __GNUC__
|        choke me
| #endif
| 
|       end
configure:6079: result: no
configure:6086: checking whether  accepts -g
configure:6098:  -c -g conftest.f >&5
./configure: line 6099: -c: command not found
configure:6101: $? = 127
configure: failed program was:
|       program main
| 
|       end
configure:6119: result: no
configure:6147: checking the maximum length of command line arguments
configure:6206: result: 32768
configure:6217: checking command to parse /usr/local/arm/3.4.3/bin/arm-linux-nm -B output from arm-linux-gcc object
configure:6306: arm-linux-gcc -c -g -O2  conftest.c >&5
configure:6309: $? = 0
configure:6313: /usr/local/arm/3.4.3/bin/arm-linux-nm -B conftest.o \| sed -n -e 's/^.*[ 	]\([ABCDGISTW][ABCDGISTW]*\)[ 	][ 	]*\(\)\([_A-Za-z][_A-Za-z0-9]*\)$/\1 \2\3 \3/p' \> conftest.nm
configure:6316: $? = 0
configure:6368: arm-linux-gcc -o conftest -g -O2   conftest.c conftstm.o >&5
configure:6371: $? = 0
configure:6409: result: ok
configure:6413: checking for objdir
configure:6428: result: .libs
configure:6480: checking for arm-linux-ar
configure:6496: found /usr/local/arm/3.4.3/bin/arm-linux-ar
configure:6506: result: arm-linux-ar
configure:6560: checking for arm-linux-ranlib
configure:6586: result: arm-linux-ranlib
configure:6640: checking for arm-linux-strip
configure:6666: result: arm-linux-strip
configure:6759: checking for arm-linux-file
configure:6815: result: no
configure:6821: checking for file
configure:6874: result: /usr/bin/file
configure:6967: checking if arm-linux-gcc static flag  works
configure:6990: result: yes
configure:7007: checking if arm-linux-gcc supports -fno-rtti -fno-exceptions
configure:7025: arm-linux-gcc -c -g -O2  -fno-rtti -fno-exceptions conftest.c >&5
cc1: warning: command line option "-fno-rtti" is valid for C++/ObjC++ but not for C
configure:7029: $? = 0
configure:7040: result: no
configure:7055: checking for arm-linux-gcc option to produce PIC
configure:7232: result: -fPIC
configure:7239: checking if arm-linux-gcc PIC flag -fPIC works
configure:7257: arm-linux-gcc -c -g -O2  -fPIC -DPIC conftest.c >&5
configure:7261: $? = 0
configure:7272: result: yes
configure:7296: checking if arm-linux-gcc supports -c -o file.o
configure:7324: arm-linux-gcc -c -g -O2  -o out/conftest2.o conftest.c >&5
configure:7328: $? = 0
configure:7345: result: yes
configure:7371: checking whether the arm-linux-gcc linker (/usr/local/arm/3.4.3/arm-linux-uclibc/bin/ld) supports shared libraries
configure:8165: result: yes
configure:8191: checking whether -lc should be explicitly linked in
configure:8196: arm-linux-gcc -c -g -O2  conftest.c >&5
configure:8199: $? = 0
configure:8213: arm-linux-gcc -shared conftest.o  -v -Wl,-soname -Wl,conftest -o conftest 2\>\&1 \| grep  -lc  \>/dev/null 2\>\&1
configure:8216: $? = 0
configure:8228: result: no
configure:8236: checking how to hardcode library paths into programs
configure:8261: result: immediate
configure:8275: checking whether stripping libraries is possible
configure:8280: result: yes
configure:8302: checking dynamic linker characteristics
configure:8825: result: GNU/Linux ld.so
configure:9551: checking if libtool supports shared libraries
configure:9553: result: yes
configure:9556: checking whether to build shared libraries
configure:9605: result: yes
configure:9608: checking whether to build static libraries
configure:9612: result: no
configure:9703: creating libtool
configure:10247: checking for ld used by arm-linux-g++
configure:10314: result: /usr/local/arm/3.4.3/arm-linux-uclibc/bin/ld
configure:10323: checking if the linker (/usr/local/arm/3.4.3/arm-linux-uclibc/bin/ld) is GNU ld
configure:10338: result: yes
configure:10389: checking whether the arm-linux-g++ linker (/usr/local/arm/3.4.3/arm-linux-uclibc/bin/ld) supports shared libraries
configure:11184: result: yes
configure:11202: arm-linux-g++ -c -g -O2  conftest.cc >&5
configure:11205: $? = 0
configure:11301: checking for arm-linux-g++ option to produce PIC
configure:11553: result: -fPIC
configure:11560: checking if arm-linux-g++ PIC flag -fPIC works
configure:11578: arm-linux-g++ -c -g -O2  -fPIC -DPIC conftest.cc >&5
configure:11582: $? = 0
configure:11593: result: yes
configure:11617: checking if arm-linux-g++ supports -c -o file.o
configure:11645: arm-linux-g++ -c -g -O2  -o out/conftest2.o conftest.cc >&5
configure:11649: $? = 0
configure:11666: result: yes
configure:11692: checking whether the arm-linux-g++ linker (/usr/local/arm/3.4.3/arm-linux-uclibc/bin/ld) supports shared libraries
configure:11717: result: yes
configure:11788: checking how to hardcode library paths into programs
configure:11813: result: immediate
configure:11827: checking whether stripping libraries is possible
configure:11832: result: yes
configure:11854: checking dynamic linker characteristics
configure:12377: result: GNU/Linux ld.so
configure:19283: checking for shared library run path origin
configure:19296: result: done
configure:19726: checking for iconv
configure:19754: arm-linux-gcc -o conftest -g -O2   conftest.c  >&5
configure:19761:19: iconv.h: No such file or directory
configure: In function `main':
configure:19765: error: `iconv_t' undeclared (first use in this function)
configure:19765: error: (Each undeclared identifier is reported only once
configure:19765: error: for each function it appears in.)
configure:19765: error: parse error before "cd"
configure:19766: error: `cd' undeclared (first use in this function)
configure:19757: $? = 1
configure: failed program was:
| #line 19734 "configure"
| /* confdefs.h.  */
| 
| #define PACKAGE_NAME ""
| #define PACKAGE_TARNAME ""
| #define PACKAGE_VERSION ""
| #define PACKAGE_STRING ""
| #define PACKAGE_BUGREPORT ""
| #define PACKAGE "libiconv"
| #define VERSION "1.9"
| #define INSTALLPREFIX "/usr/local"
| #define _GNU_SOURCE 1
| #define STDC_HEADERS 1
| #define HAVE_SYS_TYPES_H 1
| #define HAVE_SYS_STAT_H 1
| #define HAVE_STDLIB_H 1
| #define HAVE_STRING_H 1
| #define HAVE_MEMORY_H 1
| #define HAVE_STRINGS_H 1
| #define HAVE_INTTYPES_H 1
| #define HAVE_STDINT_H 1
| #define HAVE_UNISTD_H 1
| #define HAVE_DLFCN_H 1
| #ifdef __cplusplus
| #include <stdlib.h>
| #endif
| /* end confdefs.h.  */
| #include <stdlib.h>
| #include <iconv.h>
| int
| main ()
| {
| iconv_t cd = iconv_open("","");
|        iconv(cd,NULL,NULL,NULL,NULL);
|        iconv_close(cd);
|   ;
|   return 0;
| }
configure:19795: arm-linux-gcc -o conftest -g -O2   conftest.c  /usr/local/lib/libiconv.so -Wl,-rpath -Wl,/usr/local/lib >&5
configure:19802:19: iconv.h: No such file or directory
configure: In function `main':
configure:19806: error: `iconv_t' undeclared (first use in this function)
configure:19806: error: (Each undeclared identifier is reported only once
configure:19806: error: for each function it appears in.)
configure:19806: error: parse error before "cd"
configure:19807: error: `cd' undeclared (first use in this function)
configure:19798: $? = 1
configure: failed program was:
| #line 19775 "configure"
| /* confdefs.h.  */
| 
| #define PACKAGE_NAME ""
| #define PACKAGE_TARNAME ""
| #define PACKAGE_VERSION ""
| #define PACKAGE_STRING ""
| #define PACKAGE_BUGREPORT ""
| #define PACKAGE "libiconv"
| #define VERSION "1.9"
| #define INSTALLPREFIX "/usr/local"
| #define _GNU_SOURCE 1
| #define STDC_HEADERS 1
| #define HAVE_SYS_TYPES_H 1
| #define HAVE_SYS_STAT_H 1
| #define HAVE_STDLIB_H 1
| #define HAVE_STRING_H 1
| #define HAVE_MEMORY_H 1
| #define HAVE_STRINGS_H 1
| #define HAVE_INTTYPES_H 1
| #define HAVE_STDINT_H 1
| #define HAVE_UNISTD_H 1
| #define HAVE_DLFCN_H 1
| #ifdef __cplusplus
| #include <stdlib.h>
| #endif
| /* end confdefs.h.  */
| #include <stdlib.h>
| #include <iconv.h>
| int
| main ()
| {
| iconv_t cd = iconv_open("","");
|          iconv(cd,NULL,NULL,NULL,NULL);
|          iconv_close(cd);
|   ;
|   return 0;
| }
configure:19818: result: no, consider installing GNU libiconv
configure:19924: checking whether NLS is requested
configure:19933: result: yes
configure:19971: checking for msgfmt
configure:20002: result: /usr/bin/msgfmt
configure:20011: checking for gmsgfmt
configure:20042: result: /usr/bin/msgfmt
configure:20081: checking for xgettext
configure:20112: result: /usr/bin/xgettext
configure:20152: checking for msgmerge
configure:20182: result: /usr/bin/msgmerge
configure:20233: checking whether NLS is requested
configure:20242: result: yes
configure:20260: checking for GNU gettext in libc
configure:20285: arm-linux-gcc -o conftest -g -O2   conftest.c  >&5
configure:20291:21: libintl.h: No such file or directory
configure:20288: $? = 1
configure: failed program was:
| #line 20265 "configure"
| /* confdefs.h.  */
| 
| #define PACKAGE_NAME ""
| #define PACKAGE_TARNAME ""
| #define PACKAGE_VERSION ""
| #define PACKAGE_STRING ""
| #define PACKAGE_BUGREPORT ""
| #define PACKAGE "libiconv"
| #define VERSION "1.9"
| #define INSTALLPREFIX "/usr/local"
| #define _GNU_SOURCE 1
| #define STDC_HEADERS 1
| #define HAVE_SYS_TYPES_H 1
| #define HAVE_SYS_STAT_H 1
| #define HAVE_STDLIB_H 1
| #define HAVE_STRING_H 1
| #define HAVE_MEMORY_H 1
| #define HAVE_STRINGS_H 1
| #define HAVE_INTTYPES_H 1
| #define HAVE_STDINT_H 1
| #define HAVE_UNISTD_H 1
| #define HAVE_DLFCN_H 1
| #ifdef __cplusplus
| #include <stdlib.h>
| #endif
| /* end confdefs.h.  */
| #include <libintl.h>
| extern int _nl_msg_cat_cntr;
| extern int *_nl_domain_bindings;
| int
| main ()
| {
| bindtextdomain ("", "");
| return (int) gettext ("") + _nl_msg_cat_cntr + *_nl_domain_bindings
|   ;
|   return 0;
| }
configure:20305: result: no
configure:20339: checking for iconv
configure:20431: result: no, consider installing GNU libiconv
configure:20832: checking for GNU gettext in libintl
configure:20865: arm-linux-gcc -o conftest -g -O2    conftest.c  -lintl >&5
configure:20867:21: libintl.h: No such file or directory
configure:20868: $? = 1
configure: failed program was:
| #line 20841 "configure"
| /* confdefs.h.  */
| 
| #define PACKAGE_NAME ""
| #define PACKAGE_TARNAME ""
| #define PACKAGE_VERSION ""
| #define PACKAGE_STRING ""
| #define PACKAGE_BUGREPORT ""
| #define PACKAGE "libiconv"
| #define VERSION "1.9"
| #define INSTALLPREFIX "/usr/local"
| #define _GNU_SOURCE 1
| #define STDC_HEADERS 1
| #define HAVE_SYS_TYPES_H 1
| #define HAVE_SYS_STAT_H 1
| #define HAVE_STDLIB_H 1
| #define HAVE_STRING_H 1
| #define HAVE_MEMORY_H 1
| #define HAVE_STRINGS_H 1
| #define HAVE_INTTYPES_H 1
| #define HAVE_STDINT_H 1
| #define HAVE_UNISTD_H 1
| #define HAVE_DLFCN_H 1
| #ifdef __cplusplus
| #include <stdlib.h>
| #endif
| /* end confdefs.h.  */
| #include <libintl.h>
| extern int _nl_msg_cat_cntr;
| extern
| #ifdef __cplusplus
| "C"
| #endif
| const char *_nl_expand_alias ();
| int
| main ()
| {
| bindtextdomain ("", "");
| return (int) gettext ("") + _nl_msg_cat_cntr + *_nl_expand_alias (0)
|   ;
|   return 0;
| }
configure:20935: result: no
configure:20964: checking whether to use NLS
configure:20966: result: no
configure:21043: checking for ANSI C header files
configure:21193: result: yes
configure:21220: checking locale.h usability
configure:21233: arm-linux-gcc -c -g -O2  conftest.c >&5
configure:21236: $? = 0
configure:21239: test -s conftest.o
configure:21242: $? = 0
configure:21252: result: yes
configure:21256: checking locale.h presence
configure:21267: arm-linux-gcc -E  conftest.c
configure:21273: $? = 0
configure:21292: result: yes
configure:21328: checking for locale.h
configure:21335: result: yes
configure:21220: checking stddef.h usability
configure:21233: arm-linux-gcc -c -g -O2  conftest.c >&5
configure:21236: $? = 0
configure:21239: test -s conftest.o
configure:21242: $? = 0
configure:21252: result: yes
configure:21256: checking stddef.h presence
configure:21267: arm-linux-gcc -E  conftest.c
configure:21273: $? = 0
configure:21292: result: yes
configure:21328: checking for stddef.h
configure:21335: result: yes
configure:21211: checking for stdlib.h
configure:21216: result: yes
configure:21211: checking for string.h
configure:21216: result: yes
configure:21356: checking for stdlib.h
configure:21361: result: yes
configure:21494: checking for mbstate_t
configure:21520: arm-linux-gcc -c -g -O2  conftest.c >&5
configure:21523: $? = 0
configure:21526: test -s conftest.o
configure:21529: $? = 0
configure:21540: result: yes
configure:21566: checking for getc_unlocked
configure:21616: arm-linux-gcc -o conftest -g -O2   conftest.c  >&5
configure:21619: $? = 0
configure:21622: test -s conftest
configure:21625: $? = 0
configure:21636: result: yes
configure:21566: checking for mbrtowc
configure:21616: arm-linux-gcc -o conftest -g -O2   conftest.c  >&5
configure:21619: $? = 0
configure:21622: test -s conftest
configure:21625: $? = 0
configure:21636: result: yes
configure:21566: checking for wcrtomb
configure:21616: arm-linux-gcc -o conftest -g -O2   conftest.c  >&5
configure:21619: $? = 0
configure:21622: test -s conftest
configure:21625: $? = 0
configure:21636: result: yes
configure:21566: checking for mbsinit
configure:21616: arm-linux-gcc -o conftest -g -O2   conftest.c  >&5
configure:21619: $? = 0
configure:21622: test -s conftest
configure:21625: $? = 0
configure:21636: result: yes
configure:21566: checking for setlocale
configure:21616: arm-linux-gcc -o conftest -g -O2   conftest.c  >&5
configure:21619: $? = 0
configure:21622: test -s conftest
configure:21625: $? = 0
configure:21636: result: yes
configure:21650: checking for memmove
configure:21700: arm-linux-gcc -o conftest -g -O2   conftest.c  >&5
configure:21708: warning: conflicting types for built-in function 'memmove'
configure:21703: $? = 0
configure:21706: test -s conftest
configure:21709: $? = 0
configure:21720: result: yes
configure:21735: checking for nl_langinfo and CODESET
configure:21757: arm-linux-gcc -o conftest -g -O2   conftest.c  >&5
configure:21760: $? = 0
configure:21763: test -s conftest
configure:21766: $? = 0
configure:21778: result: yes
configure:21805: checking wchar.h usability
configure:21818: arm-linux-gcc -c -g -O2  conftest.c >&5
configure:21821: $? = 0
configure:21824: test -s conftest.o
configure:21827: $? = 0
configure:21837: result: yes
configure:21841: checking wchar.h presence
configure:21852: arm-linux-gcc -E  conftest.c
configure:21858: $? = 0
configure:21877: result: yes
configure:21913: checking for wchar.h
configure:21920: result: yes
configure:21934: checking for EILSEQ
configure:22323: result: yes
configure:22336: checking byte ordering
configure:22431: result: guessing little endian
configure:22446: checking for working alloca.h
configure:22468: arm-linux-gcc -o conftest -g -O2   conftest.c  >&5
configure:22471: $? = 0
configure:22474: test -s conftest
configure:22477: $? = 0
configure:22488: result: yes
configure:22498: checking for alloca
configure:22540: arm-linux-gcc -o conftest -g -O2   conftest.c  >&5
configure:22543: $? = 0
configure:22546: test -s conftest
configure:22549: $? = 0
configure:22560: result: yes
configure:22773: checking for stdlib.h
configure:22778: result: yes
configure:22917: checking for string.h
configure:22922: result: yes
configure:23115: checking sys/param.h usability
configure:23128: arm-linux-gcc -c -g -O2  conftest.c >&5
configure:23131: $? = 0
configure:23134: test -s conftest.o
configure:23137: $? = 0
configure:23147: result: yes
configure:23151: checking sys/param.h presence
configure:23162: arm-linux-gcc -E  conftest.c
configure:23168: $? = 0
configure:23187: result: yes
configure:23223: checking for sys/param.h
configure:23230: result: yes
configure:23250: checking for unistd.h
configure:23255: result: yes
configure:23393: checking for canonicalize_file_name
configure:23443: arm-linux-gcc -o conftest -g -O2   conftest.c  >&5
/tmp/ccKE7VHZ.o: In function `main':
/home/s869205/cirrus-linux-for-x88/dist/libiconv-1.9.2/configure:23480: undefined reference to `canonicalize_file_name'
/tmp/ccKE7VHZ.o:(.data+0x0): undefined reference to `canonicalize_file_name'
collect2: ld returned 1 exit status
configure:23446: $? = 1
configure: failed program was:
| #line 23398 "configure"
| /* confdefs.h.  */
| 
| #define PACKAGE_NAME ""
| #define PACKAGE_TARNAME ""
| #define PACKAGE_VERSION ""
| #define PACKAGE_STRING ""
| #define PACKAGE_BUGREPORT ""
| #define PACKAGE "libiconv"
| #define VERSION "1.9"
| #define INSTALLPREFIX "/usr/local"
| #define _GNU_SOURCE 1
| #define STDC_HEADERS 1
| #define HAVE_SYS_TYPES_H 1
| #define HAVE_SYS_STAT_H 1
| #define HAVE_STDLIB_H 1
| #define HAVE_STRING_H 1
| #define HAVE_MEMORY_H 1
| #define HAVE_STRINGS_H 1
| #define HAVE_INTTYPES_H 1
| #define HAVE_STDINT_H 1
| #define HAVE_UNISTD_H 1
| #define HAVE_DLFCN_H 1
| #ifdef __cplusplus
| #include <stdlib.h>
| #endif
| #define STDC_HEADERS 1
| #define HAVE_LOCALE_H 1
| #define HAVE_STDDEF_H 1
| #define HAVE_STDLIB_H 1
| #define HAVE_STRING_H 1
| #define HAVE_STDLIB_H 1
| #define HAVE_GETC_UNLOCKED 1
| #define HAVE_MBRTOWC 1
| #define HAVE_WCRTOMB 1
| #define HAVE_MBSINIT 1
| #define HAVE_SETLOCALE 1
| #define HAVE_MEMMOVE 1
| #define HAVE_LANGINFO_CODESET 1
| #define HAVE_WCHAR_H 1
| #define WORDS_LITTLEENDIAN 1
| #define HAVE_ALLOCA_H 1
| #define HAVE_ALLOCA 1
| #define HAVE_STDLIB_H 1
| #define HAVE_STRING_H 1
| #define HAVE_SYS_PARAM_H 1
| #define HAVE_UNISTD_H 1
| /* end confdefs.h.  */
| /* System header to define __stub macros and hopefully few prototypes,
|     which can conflict with char canonicalize_file_name (); below.
|     Prefer <limits.h> to <assert.h> if __STDC__ is defined, since
|     <limits.h> exists even on freestanding compilers.  */
| #ifdef __STDC__
| # include <limits.h>
| #else
| # include <assert.h>
| #endif
| /* Override any gcc2 internal prototype to avoid an error.  */
| #ifdef __cplusplus
| extern "C"
| {
| #endif
| /* We use char because int might match the return type of a gcc2
|    builtin and then its argument prototype would still apply.  */
| char canonicalize_file_name ();
| /* The GNU C library defines this for functions which it implements
|     to always fail with ENOSYS.  Some functions are actually named
|     something starting with __ and the normal name is an alias.  */
| #if defined (__stub_canonicalize_file_name) || defined (__stub___canonicalize_file_name)
| choke me
| #else
| char (*f) () = canonicalize_file_name;
| #endif
| #ifdef __cplusplus
| }
| #endif
| 
| int
| main ()
| {
| return f != canonicalize_file_name;
|   ;
|   return 0;
| }
configure:23463: result: no
configure:23495: checking for getcwd
configure:23545: arm-linux-gcc -o conftest -g -O2   conftest.c  >&5
configure:23548: $? = 0
configure:23551: test -s conftest
configure:23554: $? = 0
configure:23565: result: yes
configure:23579: checking whether clearerr_unlocked is declared
configure:23604: arm-linux-gcc -c -g -O2  conftest.c >&5
configure:23607: $? = 0
configure:23610: test -s conftest.o
configure:23613: $? = 0
configure:23624: result: yes
configure:23644: checking whether feof_unlocked is declared
configure:23669: arm-linux-gcc -c -g -O2  conftest.c >&5
configure:23672: $? = 0
configure:23675: test -s conftest.o
configure:23678: $? = 0
configure:23689: result: yes
configure:23709: checking whether ferror_unlocked is declared
configure:23734: arm-linux-gcc -c -g -O2  conftest.c >&5
configure:23737: $? = 0
configure:23740: test -s conftest.o
configure:23743: $? = 0
configure:23754: result: yes
configure:23774: checking whether fflush_unlocked is declared
configure:23799: arm-linux-gcc -c -g -O2  conftest.c >&5
configure:23802: $? = 0
configure:23805: test -s conftest.o
configure:23808: $? = 0
configure:23819: result: yes
configure:23839: checking whether fgets_unlocked is declared
configure:23864: arm-linux-gcc -c -g -O2  conftest.c >&5
configure:23867: $? = 0
configure:23870: test -s conftest.o
configure:23873: $? = 0
configure:23884: result: yes
configure:23904: checking whether fputc_unlocked is declared
configure:23929: arm-linux-gcc -c -g -O2  conftest.c >&5
configure:23932: $? = 0
configure:23935: test -s conftest.o
configure:23938: $? = 0
configure:23949: result: yes
configure:23969: checking whether fputs_unlocked is declared
configure:23994: arm-linux-gcc -c -g -O2  conftest.c >&5
configure:23997: $? = 0
configure:24000: test -s conftest.o
configure:24003: $? = 0
configure:24014: result: yes
configure:24034: checking whether fread_unlocked is declared
configure:24059: arm-linux-gcc -c -g -O2  conftest.c >&5
configure:24062: $? = 0
configure:24065: test -s conftest.o
configure:24068: $? = 0
configure:24079: result: yes
configure:24099: checking whether fwrite_unlocked is declared
configure:24124: arm-linux-gcc -c -g -O2  conftest.c >&5
configure:24127: $? = 0
configure:24130: test -s conftest.o
configure:24133: $? = 0
configure:24144: result: yes
configure:24164: checking whether getc_unlocked is declared
configure:24189: arm-linux-gcc -c -g -O2  conftest.c >&5
configure:24192: $? = 0
configure:24195: test -s conftest.o
configure:24198: $? = 0
configure:24209: result: yes
configure:24229: checking whether getchar_unlocked is declared
configure:24254: arm-linux-gcc -c -g -O2  conftest.c >&5
configure:24257: $? = 0
configure:24260: test -s conftest.o
configure:24263: $? = 0
configure:24274: result: yes
configure:24294: checking whether putc_unlocked is declared
configure:24319: arm-linux-gcc -c -g -O2  conftest.c >&5
configure:24322: $? = 0
configure:24325: test -s conftest.o
configure:24328: $? = 0
configure:24339: result: yes
configure:24359: checking whether putchar_unlocked is declared
configure:24384: arm-linux-gcc -c -g -O2  conftest.c >&5
configure:24387: $? = 0
configure:24390: test -s conftest.o
configure:24393: $? = 0
configure:24404: result: yes
configure:24474: checking for vprintf
configure:24524: arm-linux-gcc -o conftest -g -O2   conftest.c  >&5
configure:24557: warning: conflicting types for built-in function 'vprintf'
configure:24527: $? = 0
configure:24530: test -s conftest
configure:24533: $? = 0
configure:24544: result: yes
configure:24551: checking for _doprnt
configure:24601: arm-linux-gcc -o conftest -g -O2   conftest.c  >&5
/tmp/cc8KyG6n.o: In function `main':
/home/s869205/cirrus-linux-for-x88/dist/libiconv-1.9.2/configure:24654: undefined reference to `_doprnt'
/tmp/cc8KyG6n.o:(.data+0x0): undefined reference to `_doprnt'
collect2: ld returned 1 exit status
configure:24604: $? = 1
configure: failed program was:
| #line 24556 "configure"
| /* confdefs.h.  */
| 
| #define PACKAGE_NAME ""
| #define PACKAGE_TARNAME ""
| #define PACKAGE_VERSION ""
| #define PACKAGE_STRING ""
| #define PACKAGE_BUGREPORT ""
| #define PACKAGE "libiconv"
| #define VERSION "1.9"
| #define INSTALLPREFIX "/usr/local"
| #define _GNU_SOURCE 1
| #define STDC_HEADERS 1
| #define HAVE_SYS_TYPES_H 1
| #define HAVE_SYS_STAT_H 1
| #define HAVE_STDLIB_H 1
| #define HAVE_STRING_H 1
| #define HAVE_MEMORY_H 1
| #define HAVE_STRINGS_H 1
| #define HAVE_INTTYPES_H 1
| #define HAVE_STDINT_H 1
| #define HAVE_UNISTD_H 1
| #define HAVE_DLFCN_H 1
| #ifdef __cplusplus
| #include <stdlib.h>
| #endif
| #define STDC_HEADERS 1
| #define HAVE_LOCALE_H 1
| #define HAVE_STDDEF_H 1
| #define HAVE_STDLIB_H 1
| #define HAVE_STRING_H 1
| #define HAVE_STDLIB_H 1
| #define HAVE_GETC_UNLOCKED 1
| #define HAVE_MBRTOWC 1
| #define HAVE_WCRTOMB 1
| #define HAVE_MBSINIT 1
| #define HAVE_SETLOCALE 1
| #define HAVE_MEMMOVE 1
| #define HAVE_LANGINFO_CODESET 1
| #define HAVE_WCHAR_H 1
| #define WORDS_LITTLEENDIAN 1
| #define HAVE_ALLOCA_H 1
| #define HAVE_ALLOCA 1
| #define HAVE_STDLIB_H 1
| #define HAVE_STRING_H 1
| #define HAVE_SYS_PARAM_H 1
| #define HAVE_UNISTD_H 1
| #define realpath rpl_realpath
| #define HAVE_GETCWD 1
| #define HAVE_DECL_CLEARERR_UNLOCKED 1
| #define HAVE_DECL_FEOF_UNLOCKED 1
| #define HAVE_DECL_FERROR_UNLOCKED 1
| #define HAVE_DECL_FFLUSH_UNLOCKED 1
| #define HAVE_DECL_FGETS_UNLOCKED 1
| #define HAVE_DECL_FPUTC_UNLOCKED 1
| #define HAVE_DECL_FPUTS_UNLOCKED 1
| #define HAVE_DECL_FREAD_UNLOCKED 1
| #define HAVE_DECL_FWRITE_UNLOCKED 1
| #define HAVE_DECL_GETC_UNLOCKED 1
| #define HAVE_DECL_GETCHAR_UNLOCKED 1
| #define HAVE_DECL_PUTC_UNLOCKED 1
| #define HAVE_DECL_PUTCHAR_UNLOCKED 1
| #define HAVE_VPRINTF 1
| /* end confdefs.h.  */
| /* System header to define __stub macros and hopefully few prototypes,
|     which can conflict with char _doprnt (); below.
|     Prefer <limits.h> to <assert.h> if __STDC__ is defined, since
|     <limits.h> exists even on freestanding compilers.  */
| #ifdef __STDC__
| # include <limits.h>
| #else
| # include <assert.h>
| #endif
| /* Override any gcc2 internal prototype to avoid an error.  */
| #ifdef __cplusplus
| extern "C"
| {
| #endif
| /* We use char because int might match the return type of a gcc2
|    builtin and then its argument prototype would still apply.  */
| char _doprnt ();
| /* The GNU C library defines this for functions which it implements
|     to always fail with ENOSYS.  Some functions are actually named
|     something starting with __ and the normal name is an alias.  */
| #if defined (__stub__doprnt) || defined (__stub____doprnt)
| choke me
| #else
| char (*f) () = _doprnt;
| #endif
| #ifdef __cplusplus
| }
| #endif
| 
| int
| main ()
| {
| return f != _doprnt;
|   ;
|   return 0;
| }
configure:24621: result: no
configure:24636: checking for error_at_line
configure:24658: arm-linux-gcc -o conftest -g -O2   conftest.c  >&5
configure:24661: $? = 0
configure:24664: test -s conftest
configure:24667: $? = 0
configure:24678: result: yes
configure:25114: checking for setenv
configure:25164: arm-linux-gcc -o conftest -g -O2   conftest.c  >&5
configure:25167: $? = 0
configure:25170: test -s conftest
configure:25173: $? = 0
configure:25184: result: yes
configure:25114: checking for unsetenv
configure:25164: arm-linux-gcc -o conftest -g -O2   conftest.c  >&5
configure:25167: $? = 0
configure:25170: test -s conftest
configure:25173: $? = 0
configure:25184: result: yes
configure:25214: checking search.h usability
configure:25227: arm-linux-gcc -c -g -O2  conftest.c >&5
configure:25230: $? = 0
configure:25233: test -s conftest.o
configure:25236: $? = 0
configure:25246: result: yes
configure:25250: checking search.h presence
configure:25261: arm-linux-gcc -E  conftest.c
configure:25267: $? = 0
configure:25286: result: yes
configure:25322: checking for search.h
configure:25329: result: yes
configure:25205: checking for stdlib.h
configure:25210: result: yes
configure:25205: checking for string.h
configure:25210: result: yes
configure:25205: checking for unistd.h
configure:25210: result: yes
configure:25346: checking for tsearch
configure:25396: arm-linux-gcc -o conftest -g -O2   conftest.c  >&5
configure:25399: $? = 0
configure:25402: test -s conftest
configure:25405: $? = 0
configure:25416: result: yes
configure:25428: checking if errno is properly declared
configure:25452: arm-linux-gcc -c -g -O2  conftest.c >&5
configure:25506: error: conflicting types for '__errno_location'
/usr/local/arm/3.4.3/lib/gcc/arm-linux-uclibc/3.4.3/../../../../arm-linux-uclibc/sys-include/bits/errno.h:38: error: previous declaration of '__errno_location' was here
configure:25506: error: conflicting types for '__errno_location'
/usr/local/arm/3.4.3/lib/gcc/arm-linux-uclibc/3.4.3/../../../../arm-linux-uclibc/sys-include/bits/errno.h:38: error: previous declaration of '__errno_location' was here
configure:25455: $? = 1
configure: failed program was:
| #line 25434 "configure"
| /* confdefs.h.  */
| 
| #define PACKAGE_NAME ""
| #define PACKAGE_TARNAME ""
| #define PACKAGE_VERSION ""
| #define PACKAGE_STRING ""
| #define PACKAGE_BUGREPORT ""
| #define PACKAGE "libiconv"
| #define VERSION "1.9"
| #define INSTALLPREFIX "/usr/local"
| #define _GNU_SOURCE 1
| #define STDC_HEADERS 1
| #define HAVE_SYS_TYPES_H 1
| #define HAVE_SYS_STAT_H 1
| #define HAVE_STDLIB_H 1
| #define HAVE_STRING_H 1
| #define HAVE_MEMORY_H 1
| #define HAVE_STRINGS_H 1
| #define HAVE_INTTYPES_H 1
| #define HAVE_STDINT_H 1
| #define HAVE_UNISTD_H 1
| #define HAVE_DLFCN_H 1
| #ifdef __cplusplus
| #include <stdlib.h>
| #endif
| #define STDC_HEADERS 1
| #define HAVE_LOCALE_H 1
| #define HAVE_STDDEF_H 1
| #define HAVE_STDLIB_H 1
| #define HAVE_STRING_H 1
| #define HAVE_STDLIB_H 1
| #define HAVE_GETC_UNLOCKED 1
| #define HAVE_MBRTOWC 1
| #define HAVE_WCRTOMB 1
| #define HAVE_MBSINIT 1
| #define HAVE_SETLOCALE 1
| #define HAVE_MEMMOVE 1
| #define HAVE_LANGINFO_CODESET 1
| #define HAVE_WCHAR_H 1
| #define WORDS_LITTLEENDIAN 1
| #define HAVE_ALLOCA_H 1
| #define HAVE_ALLOCA 1
| #define HAVE_STDLIB_H 1
| #define HAVE_STRING_H 1
| #define HAVE_SYS_PARAM_H 1
| #define HAVE_UNISTD_H 1
| #define realpath rpl_realpath
| #define HAVE_GETCWD 1
| #define HAVE_DECL_CLEARERR_UNLOCKED 1
| #define HAVE_DECL_FEOF_UNLOCKED 1
| #define HAVE_DECL_FERROR_UNLOCKED 1
| #define HAVE_DECL_FFLUSH_UNLOCKED 1
| #define HAVE_DECL_FGETS_UNLOCKED 1
| #define HAVE_DECL_FPUTC_UNLOCKED 1
| #define HAVE_DECL_FPUTS_UNLOCKED 1
| #define HAVE_DECL_FREAD_UNLOCKED 1
| #define HAVE_DECL_FWRITE_UNLOCKED 1
| #define HAVE_DECL_GETC_UNLOCKED 1
| #define HAVE_DECL_GETCHAR_UNLOCKED 1
| #define HAVE_DECL_PUTC_UNLOCKED 1
| #define HAVE_DECL_PUTCHAR_UNLOCKED 1
| #define HAVE_VPRINTF 1
| #define HAVE_ERROR_AT_LINE 1
| #define HAVE_SETENV 1
| #define HAVE_UNSETENV 1
| #define HAVE_SEARCH_H 1
| #define HAVE_STDLIB_H 1
| #define HAVE_STRING_H 1
| #define HAVE_UNISTD_H 1
| #define HAVE_TSEARCH 1
| /* end confdefs.h.  */
| #include <errno.h>
|       extern struct { int foo; } errno;
| int
| main ()
| {
| errno.foo = 1;
|   ;
|   return 0;
| }
configure:25473: result: yes
configure:25485: checking if environ is properly declared
configure:25509: arm-linux-gcc -c -g -O2  conftest.c >&5
configure:25564: error: conflicting types for 'environ'
/usr/local/arm/3.4.3/lib/gcc/arm-linux-uclibc/3.4.3/../../../../arm-linux-uclibc/sys-include/unistd.h:435: error: previous declaration of 'environ' was here
configure:25564: error: conflicting types for 'environ'
/usr/local/arm/3.4.3/lib/gcc/arm-linux-uclibc/3.4.3/../../../../arm-linux-uclibc/sys-include/unistd.h:435: error: previous declaration of 'environ' was here
configure:25512: $? = 1
configure: failed program was:
| #line 25491 "configure"
| /* confdefs.h.  */
| 
| #define PACKAGE_NAME ""
| #define PACKAGE_TARNAME ""
| #define PACKAGE_VERSION ""
| #define PACKAGE_STRING ""
| #define PACKAGE_BUGREPORT ""
| #define PACKAGE "libiconv"
| #define VERSION "1.9"
| #define INSTALLPREFIX "/usr/local"
| #define _GNU_SOURCE 1
| #define STDC_HEADERS 1
| #define HAVE_SYS_TYPES_H 1
| #define HAVE_SYS_STAT_H 1
| #define HAVE_STDLIB_H 1
| #define HAVE_STRING_H 1
| #define HAVE_MEMORY_H 1
| #define HAVE_STRINGS_H 1
| #define HAVE_INTTYPES_H 1
| #define HAVE_STDINT_H 1
| #define HAVE_UNISTD_H 1
| #define HAVE_DLFCN_H 1
| #ifdef __cplusplus
| #include <stdlib.h>
| #endif
| #define STDC_HEADERS 1
| #define HAVE_LOCALE_H 1
| #define HAVE_STDDEF_H 1
| #define HAVE_STDLIB_H 1
| #define HAVE_STRING_H 1
| #define HAVE_STDLIB_H 1
| #define HAVE_GETC_UNLOCKED 1
| #define HAVE_MBRTOWC 1
| #define HAVE_WCRTOMB 1
| #define HAVE_MBSINIT 1
| #define HAVE_SETLOCALE 1
| #define HAVE_MEMMOVE 1
| #define HAVE_LANGINFO_CODESET 1
| #define HAVE_WCHAR_H 1
| #define WORDS_LITTLEENDIAN 1
| #define HAVE_ALLOCA_H 1
| #define HAVE_ALLOCA 1
| #define HAVE_STDLIB_H 1
| #define HAVE_STRING_H 1
| #define HAVE_SYS_PARAM_H 1
| #define HAVE_UNISTD_H 1
| #define realpath rpl_realpath
| #define HAVE_GETCWD 1
| #define HAVE_DECL_CLEARERR_UNLOCKED 1
| #define HAVE_DECL_FEOF_UNLOCKED 1
| #define HAVE_DECL_FERROR_UNLOCKED 1
| #define HAVE_DECL_FFLUSH_UNLOCKED 1
| #define HAVE_DECL_FGETS_UNLOCKED 1
| #define HAVE_DECL_FPUTC_UNLOCKED 1
| #define HAVE_DECL_FPUTS_UNLOCKED 1
| #define HAVE_DECL_FREAD_UNLOCKED 1
| #define HAVE_DECL_FWRITE_UNLOCKED 1
| #define HAVE_DECL_GETC_UNLOCKED 1
| #define HAVE_DECL_GETCHAR_UNLOCKED 1
| #define HAVE_DECL_PUTC_UNLOCKED 1
| #define HAVE_DECL_PUTCHAR_UNLOCKED 1
| #define HAVE_VPRINTF 1
| #define HAVE_ERROR_AT_LINE 1
| #define HAVE_SETENV 1
| #define HAVE_UNSETENV 1
| #define HAVE_SEARCH_H 1
| #define HAVE_STDLIB_H 1
| #define HAVE_STRING_H 1
| #define HAVE_UNISTD_H 1
| #define HAVE_TSEARCH 1
| #define HAVE_ERRNO_DECL 1
| /* end confdefs.h.  */
| #include <unistd.h>
|       extern struct { int foo; } environ;
| int
| main ()
| {
| environ.foo = 1;
|   ;
|   return 0;
| }
configure:25530: result: yes
configure:25541: checking for stdbool.h
configure:25575: arm-linux-gcc -c -g -O2  conftest.c >&5
configure:25578: $? = 0
configure:25581: test -s conftest.o
configure:25584: $? = 0
configure:25596: result: yes
configure:25667: checking for strerror
configure:25717: arm-linux-gcc -o conftest -g -O2   conftest.c  >&5
configure:25720: $? = 0
configure:25723: test -s conftest
configure:25726: $? = 0
configure:25737: result: yes
configure:25761: checking for readlink
configure:25811: arm-linux-gcc -o conftest -g -O2   conftest.c  >&5
configure:25814: $? = 0
configure:25817: test -s conftest
configure:25820: $? = 0
configure:25831: result: yes
configure:25847: checking for ssize_t
configure:25869: arm-linux-gcc -c -g -O2  conftest.c >&5
configure:25872: $? = 0
configure:25875: test -s conftest.o
configure:25878: $? = 0
configure:25889: result: yes
configure:25905: checking for sys/types.h
configure:25910: result: yes
configure:26209: creating ./config.status

## ---------------------- ##
## Running config.status. ##
## ---------------------- ##

This file was extended by config.status, which was
generated by GNU Autoconf 2.57.  Invocation command line was

  CONFIG_FILES    = 
  CONFIG_HEADERS  = 
  CONFIG_LINKS    = 
  CONFIG_COMMANDS = 
  $ ./config.status 

on K06264

config.status:728: creating Makefile
config.status:728: creating lib/Makefile
config.status:728: creating srclib/Makefile
config.status:728: creating src/Makefile
config.status:728: creating po/Makefile.in
config.status:728: creating man/Makefile
config.status:728: creating tests/Makefile
config.status:728: creating include/iconv.h
config.status:832: creating config.h
config.status:1063: config.h is unchanged
config.status:832: creating lib/config.h
config.status:1063: lib/config.h is unchanged
config.status:1185: executing depfiles commands
config.status:1185: executing default-1 commands
configure:27627: configuring in libcharset
configure:27711: running /bin/sh './configure' --prefix=/usr/local  '--host=arm-linux' 'host_alias=arm-linux' --cache-file=/dev/null --srcdir=.

## ---------------- ##
## Cache variables. ##
## ---------------- ##

ac_cv_build=i686-pc-linux-gnu
ac_cv_build_alias=i686-pc-linux-gnu
ac_cv_c_compiler_gnu=yes
ac_cv_cxx_compiler_gnu=yes
ac_cv_decl_EILSEQ=yes
ac_cv_env_CC_set=
ac_cv_env_CC_value=
ac_cv_env_CFLAGS_set=
ac_cv_env_CFLAGS_value=
ac_cv_env_CPPFLAGS_set=
ac_cv_env_CPPFLAGS_value=
ac_cv_env_CPP_set=
ac_cv_env_CPP_value=
ac_cv_env_CXXCPP_set=
ac_cv_env_CXXCPP_value=
ac_cv_env_CXXFLAGS_set=
ac_cv_env_CXXFLAGS_value=
ac_cv_env_CXX_set=
ac_cv_env_CXX_value=
ac_cv_env_F77_set=
ac_cv_env_F77_value=
ac_cv_env_FFLAGS_set=
ac_cv_env_FFLAGS_value=
ac_cv_env_LDFLAGS_set=
ac_cv_env_LDFLAGS_value=
ac_cv_env_build_alias_set=
ac_cv_env_build_alias_value=
ac_cv_env_host_alias_set=set
ac_cv_env_host_alias_value=arm-linux
ac_cv_env_target_alias_set=
ac_cv_env_target_alias_value=
ac_cv_exeext=
ac_cv_f77_compiler_gnu=no
ac_cv_func__doprnt=no
ac_cv_func_alloca_works=yes
ac_cv_func_canonicalize_file_name=no
ac_cv_func_getc_unlocked=yes
ac_cv_func_getcwd=yes
ac_cv_func_mbrtowc=yes
ac_cv_func_mbsinit=yes
ac_cv_func_memmove=yes
ac_cv_func_readlink=yes
ac_cv_func_setenv=yes
ac_cv_func_setlocale=yes
ac_cv_func_strerror=yes
ac_cv_func_tsearch=yes
ac_cv_func_unsetenv=yes
ac_cv_func_vprintf=yes
ac_cv_func_wcrtomb=yes
ac_cv_have_decl_clearerr_unlocked=yes
ac_cv_have_decl_feof_unlocked=yes
ac_cv_have_decl_ferror_unlocked=yes
ac_cv_have_decl_fflush_unlocked=yes
ac_cv_have_decl_fgets_unlocked=yes
ac_cv_have_decl_fputc_unlocked=yes
ac_cv_have_decl_fputs_unlocked=yes
ac_cv_have_decl_fread_unlocked=yes
ac_cv_have_decl_fwrite_unlocked=yes
ac_cv_have_decl_getc_unlocked=yes
ac_cv_have_decl_getchar_unlocked=yes
ac_cv_have_decl_putc_unlocked=yes
ac_cv_have_decl_putchar_unlocked=yes
ac_cv_header_dlfcn_h=yes
ac_cv_header_inttypes_h=yes
ac_cv_header_locale_h=yes
ac_cv_header_memory_h=yes
ac_cv_header_minix_config_h=no
ac_cv_header_search_h=yes
ac_cv_header_stdc=yes
ac_cv_header_stddef_h=yes
ac_cv_header_stdint_h=yes
ac_cv_header_stdlib_h=yes
ac_cv_header_string_h=yes
ac_cv_header_strings_h=yes
ac_cv_header_sys_param_h=yes
ac_cv_header_sys_stat_h=yes
ac_cv_header_sys_types_h=yes
ac_cv_header_unistd_h=yes
ac_cv_header_wchar_h=yes
ac_cv_host=arm-unknown-linux-gnu
ac_cv_host_alias=arm-linux
ac_cv_lib_cposix_strerror=no
ac_cv_objext=o
ac_cv_path_GMSGFMT=/usr/bin/msgfmt
ac_cv_path_MSGFMT=/usr/bin/msgfmt
ac_cv_path_MSGMERGE=/usr/bin/msgmerge
ac_cv_path_XGETTEXT=/usr/bin/xgettext
ac_cv_path_install='/usr/bin/install -c'
ac_cv_prog_AR=arm-linux-ar
ac_cv_prog_AWK=gawk
ac_cv_prog_CC=arm-linux-gcc
ac_cv_prog_CPP='arm-linux-gcc -E'
ac_cv_prog_CXX=arm-linux-g++
ac_cv_prog_CXXCPP='arm-linux-g++ -E'
ac_cv_prog_RANLIB=arm-linux-ranlib
ac_cv_prog_STRIP=arm-linux-strip
ac_cv_prog_cc_g=yes
ac_cv_prog_cc_stdc=
ac_cv_prog_cxx_g=yes
ac_cv_prog_egrep='grep -E'
ac_cv_prog_f77_g=no
ac_cv_prog_gcc_traditional=no
ac_cv_prog_make_make_set=yes
ac_cv_type_mbstate_t=yes
ac_cv_working_alloca_h=yes
acl_cv_hardcode_direct=no
acl_cv_hardcode_libdir_flag_spec='${wl}-rpath ${wl}$libdir'
acl_cv_hardcode_libdir_separator=
acl_cv_hardcode_minus_L=no
acl_cv_libext=a
acl_cv_libpath=LD_LIBRARY_PATH
acl_cv_path_LD=/usr/local/arm/3.4.3/arm-linux-uclibc/bin/ld
acl_cv_prog_gnu_ld=yes
acl_cv_rpath=done
acl_cv_shlibext=so
acl_cv_shlibpath_var=LD_LIBRARY_PATH
acl_cv_wl=-Wl,
am_cv_CC_dependencies_compiler_type=none
am_cv_CXX_dependencies_compiler_type=none
am_cv_func_iconv='no, consider installing GNU libiconv'
am_cv_langinfo_codeset=yes
am_cv_lib_error_at_line=yes
am_cv_lib_iconv=no
cl_cv_prog_LN=ln
cl_cv_prog_cp='cp -p'
cl_cv_sys_endian='guessing little endian'
gt_cv_func_gnugettext1_libc=no
gt_cv_func_gnugettext1_libintl=no
gt_cv_header_stdbool_h=yes
gt_cv_ssize_t=yes
gt_cv_var_environ_declaration=yes
gt_cv_var_errno_declaration=yes
lt_cv_deplibs_check_method='file_magic ELF [0-9][0-9]*-bit [LM]SB (shared object|dynamic lib )'
lt_cv_file_magic_cmd='$MAGIC_CMD'
lt_cv_file_magic_test_file='/lib/libc.so.6 /lib/libc-2.4.so'
lt_cv_ld_reload_flag=-r
lt_cv_objdir=.libs
lt_cv_path_LD=/usr/local/arm/3.4.3/arm-linux-uclibc/bin/ld
lt_cv_path_LDCXX=/usr/local/arm/3.4.3/arm-linux-uclibc/bin/ld
lt_cv_path_MAGIC_CMD=/usr/bin/file
lt_cv_path_NM='/usr/local/arm/3.4.3/bin/arm-linux-nm -B'
lt_cv_path_SED=/usr/bin/sed
lt_cv_prog_compiler_c_o=yes
lt_cv_prog_compiler_c_o_CXX=yes
lt_cv_prog_compiler_rtti_exceptions=no
lt_cv_prog_gnu_ld=yes
lt_cv_prog_gnu_ldcxx=yes
lt_cv_sys_global_symbol_pipe='sed -n -e '\''s/^.*[ 	]\([ABCDGISTW][ABCDGISTW]*\)[ 	][ 	]*\(\)\([_A-Za-z][_A-Za-z0-9]*\)$/\1 \2\3 \3/p'\'''
lt_cv_sys_global_symbol_to_c_name_address='sed -n -e '\''s/^: \([^ ]*\) $/  {\"\1\", (lt_ptr) 0},/p'\'' -e '\''s/^[BCDEGRST] \([^ ]*\) \([^ ]*\)$/  {"\2", (lt_ptr) \&\2},/p'\'''
lt_cv_sys_global_symbol_to_cdecl='sed -n -e '\''s/^. .* \(.*\)$/extern int \1;/p'\'''
lt_cv_sys_max_cmd_len=32768
lt_lt_cv_prog_compiler_c_o='"yes"'
lt_lt_cv_prog_compiler_c_o_CXX='"yes"'
lt_lt_cv_sys_global_symbol_pipe='"sed -n -e '\''s/^.*[ 	]\\([ABCDGISTW][ABCDGISTW]*\\)[ 	][ 	]*\\(\\)\\([_A-Za-z][_A-Za-z0-9]*\\)\$/\\1 \\2\\3 \\3/p'\''"'
lt_lt_cv_sys_global_symbol_to_c_name_address='"sed -n -e '\''s/^: \\([^ ]*\\) \$/  {\\\"\\1\\\", (lt_ptr) 0},/p'\'' -e '\''s/^[BCDEGRST] \\([^ ]*\\) \\([^ ]*\\)\$/  {\"\\2\", (lt_ptr) \\&\\2},/p'\''"'
lt_lt_cv_sys_global_symbol_to_cdecl='"sed -n -e '\''s/^. .* \\(.*\\)\$/extern int \\1;/p'\''"'

## ----------------- ##
## Output variables. ##
## ----------------- ##

ACLOCAL='${SHELL} /home/s869205/cirrus-linux-for-x88/dist/libiconv-1.9.2/autoconf/missing --run aclocal-1.7'
ALLOCA=''
ALLOCA_H='alloca.h'
AMDEPBACKSLASH='\'
AMDEP_FALSE='#'
AMDEP_TRUE=''
AMTAR='${SHELL} /home/s869205/cirrus-linux-for-x88/dist/libiconv-1.9.2/autoconf/missing --run tar'
AR='arm-linux-ar'
AS='as'
AUTOCONF='${SHELL} /home/s869205/cirrus-linux-for-x88/dist/libiconv-1.9.2/autoconf/missing --run autoconf'
AUTOHEADER='${SHELL} /home/s869205/cirrus-linux-for-x88/dist/libiconv-1.9.2/autoconf/missing --run autoheader'
AUTOMAKE='${SHELL} /home/s869205/cirrus-linux-for-x88/dist/libiconv-1.9.2/autoconf/missing --run automake-1.7'
AWK='gawk'
CC='arm-linux-gcc'
CCDEPMODE='depmode=none'
CFLAGS='-g -O2'
CP='cp -p'
CPP='arm-linux-gcc -E'
CPPFLAGS=''
CXX='arm-linux-g++'
CXXCPP='arm-linux-g++ -E'
CXXDEPMODE='depmode=none'
CXXFLAGS='-g -O2'
CYGPATH_W='echo'
DEFS='-DHAVE_CONFIG_H'
DEPDIR='.deps'
DLLTOOL='dlltool'
ECHO='echo'
ECHO_C=''
ECHO_N='-n'
ECHO_T=''
EGREP='grep -E'
EILSEQ=''
EXEEXT=''
F77=''
FFLAGS=''
GCC='yes'
GMSGFMT='/usr/bin/msgfmt'
HAVE__BOOL=''
ICONV_CONST='const'
INSTALL_DATA='${INSTALL} -m 644'
INSTALL_PROGRAM='${INSTALL}'
INSTALL_SCRIPT='${INSTALL}'
INSTALL_STRIP_PROGRAM='${SHELL} $(install_sh) -c -s'
INTLLIBS=''
LDFLAGS=''
LIBICONV=''
LIBINTL=''
LIBOBJS=' canonicalize$U.o'
LIBS=''
LIBTOOL='$(SHELL) $(top_builddir)/libtool'
LN='ln'
LN_S='ln -s'
LTLIBICONV=''
LTLIBINTL=''
LTLIBOBJS=' canonicalize$U.lo'
MAKEINFO='${SHELL} /home/s869205/cirrus-linux-for-x88/dist/libiconv-1.9.2/autoconf/missing --run makeinfo'
MKINSTALLDIRS='$(top_builddir)/autoconf/mkinstalldirs'
MSGFMT='/usr/bin/msgfmt'
MSGMERGE='/usr/bin/msgmerge'
OBJDUMP='objdump'
OBJEXT='o'
OS='linux'
PACKAGE='libiconv'
PACKAGE_BUGREPORT=''
PACKAGE_NAME=''
PACKAGE_STRING=''
PACKAGE_TARNAME=''
PACKAGE_VERSION=''
PATH_SEPARATOR=':'
PLUGLIB='libiconv_plug.so'
POSUB=''
RANLIB='arm-linux-ranlib'
RELOCATABLE='no'
RELOCATABLE_VIA_LD_FALSE=''
RELOCATABLE_VIA_LD_TRUE='#'
SET_MAKE=''
SET_RELOCATABLE=''
SHELL='/bin/sh'
STDBOOL_H=''
STRIP='arm-linux-strip'
USE_EXTRA_ENCODINGS='no'
USE_NLS='no'
VERSION='1.9'
XGETTEXT='/usr/bin/xgettext'
ac_ct_AR=''
ac_ct_AS=''
ac_ct_CC=''
ac_ct_CXX=''
ac_ct_DLLTOOL=''
ac_ct_F77=''
ac_ct_OBJDUMP=''
ac_ct_RANLIB=''
ac_ct_STRIP=''
am__fastdepCC_FALSE=''
am__fastdepCC_TRUE='#'
am__fastdepCXX_FALSE=''
am__fastdepCXX_TRUE='#'
am__include='include'
am__leading_dot='.'
am__quote=''
bindir='${exec_prefix}/bin'
build='i686-pc-linux-gnu'
build_alias=''
build_cpu='i686'
build_os='linux-gnu'
build_vendor='pc'
datadir='${prefix}/share'
exec_prefix='${prefix}'
host='arm-unknown-linux-gnu'
host_alias='arm-linux'
host_cpu='arm'
host_os='linux-gnu'
host_vendor='unknown'
includedir='${prefix}/include'
infodir='${prefix}/info'
install_sh='/home/s869205/cirrus-linux-for-x88/dist/libiconv-1.9.2/autoconf/install-sh'
libdir='${exec_prefix}/lib'
libexecdir='${exec_prefix}/libexec'
localstatedir='${prefix}/var'
mandir='${datadir}/man'
oldincludedir='/usr/include'
prefix='/usr/local'
program_transform_name='s,x,x,'
sbindir='${exec_prefix}/sbin'
sharedstatedir='${prefix}/com'
subdirs=' libcharset'
sysconfdir='${prefix}/etc'
target_alias=''

## ----------- ##
## confdefs.h. ##
## ----------- ##

#define HAVE_ALLOCA 1
#define HAVE_ALLOCA_H 1
#define HAVE_DECL_CLEARERR_UNLOCKED 1
#define HAVE_DECL_FEOF_UNLOCKED 1
#define HAVE_DECL_FERROR_UNLOCKED 1
#define HAVE_DECL_FFLUSH_UNLOCKED 1
#define HAVE_DECL_FGETS_UNLOCKED 1
#define HAVE_DECL_FPUTC_UNLOCKED 1
#define HAVE_DECL_FPUTS_UNLOCKED 1
#define HAVE_DECL_FREAD_UNLOCKED 1
#define HAVE_DECL_FWRITE_UNLOCKED 1
#define HAVE_DECL_GETCHAR_UNLOCKED 1
#define HAVE_DECL_GETC_UNLOCKED 1
#define HAVE_DECL_PUTCHAR_UNLOCKED 1
#define HAVE_DECL_PUTC_UNLOCKED 1
#define HAVE_DLFCN_H 1
#define HAVE_ENVIRON_DECL 1
#define HAVE_ERRNO_DECL 1
#define HAVE_ERROR_AT_LINE 1
#define HAVE_GETCWD 1
#define HAVE_GETC_UNLOCKED 1
#define HAVE_INTTYPES_H 1
#define HAVE_LANGINFO_CODESET 1
#define HAVE_LOCALE_H 1
#define HAVE_MBRTOWC 1
#define HAVE_MBSINIT 1
#define HAVE_MEMMOVE 1
#define HAVE_MEMORY_H 1
#define HAVE_READLINK 1
#define HAVE_SEARCH_H 1
#define HAVE_SETENV 1
#define HAVE_SETLOCALE 1
#define HAVE_STDBOOL_H 1
#define HAVE_STDDEF_H 1
#define HAVE_STDINT_H 1
#define HAVE_STDLIB_H 1
#define HAVE_STDLIB_H 1
#define HAVE_STDLIB_H 1
#define HAVE_STDLIB_H 1
#define HAVE_STDLIB_H 1
#define HAVE_STRERROR 1
#define HAVE_STRINGS_H 1
#define HAVE_STRING_H 1
#define HAVE_STRING_H 1
#define HAVE_STRING_H 1
#define HAVE_STRING_H 1
#define HAVE_SYS_PARAM_H 1
#define HAVE_SYS_STAT_H 1
#define HAVE_SYS_TYPES_H 1
#define HAVE_SYS_TYPES_H 1
#define HAVE_TSEARCH 1
#define HAVE_UNISTD_H 1
#define HAVE_UNISTD_H 1
#define HAVE_UNISTD_H 1
#define HAVE_UNSETENV 1
#define HAVE_VPRINTF 1
#define HAVE_WCHAR_H 1
#define HAVE_WCRTOMB 1
#define INSTALLPREFIX "/usr/local"
#define PACKAGE "libiconv"
#define PACKAGE_BUGREPORT ""
#define PACKAGE_NAME ""
#define PACKAGE_STRING ""
#define PACKAGE_TARNAME ""
#define PACKAGE_VERSION ""
#define STDC_HEADERS 1
#define STDC_HEADERS 1
#define VERSION "1.9"
#define WORDS_LITTLEENDIAN 1
#define _GNU_SOURCE 1
#define realpath rpl_realpath
#endif
#ifdef __cplusplus
#include <stdlib.h>

configure: exit 0
